<?xml version="1.0" encoding="UTF-8"?>
<!-- Generated by org.testng.reporters.JUnitReportReporter -->
<testsuite hostname="Kiran" failures="0" tests="1" name="practice.ToCommit" time="0.014" errors="0" timestamp="2024-03-08T11:10:36 IST" skipped="0">
  <testcase classname="practice.ToCommit" name="toCommitandPush" time="0.014">
    <system-out>
      <![CDATA[Commiting]]>
    </system-out>
  </testcase> <!-- toCommitandPush -->
  <system-out>
    <![CDATA[Commiting]]>
  </system-out>
</testsuite> <!-- practice.ToCommit -->
